Determining if the pthread_create exist failed with the following output:
Change Dir: /home/cuau/Documentos/procesamiento_senales/DistPipelineFWK/cmake-build-debug/CMakeFiles/CMakeTmp

Run Build Command:"/usr/bin/make" "cmTC_39f96/fast"
/usr/bin/make -f CMakeFiles/cmTC_39f96.dir/build.make CMakeFiles/cmTC_39f96.dir/build
make[1]: se entra en el directorio '/home/cuau/Documentos/procesamiento_senales/DistPipelineFWK/cmake-build-debug/CMakeFiles/CMakeTmp'
Building C object CMakeFiles/cmTC_39f96.dir/CheckSymbolExists.c.o
/usr/bin/cc    -o CMakeFiles/cmTC_39f96.dir/CheckSymbolExists.c.o   -c /home/cuau/Documentos/procesamiento_senales/DistPipelineFWK/cmake-build-debug/CMakeFiles/CMakeTmp/CheckSymbolExists.c
Linking C executable cmTC_39f96
/home/cuau/clion-2017.3.3/bin/cmake/bin/cmake -E cmake_link_script CMakeFiles/cmTC_39f96.dir/link.txt --verbose=1
/usr/bin/cc      -rdynamic CMakeFiles/cmTC_39f96.dir/CheckSymbolExists.c.o  -o cmTC_39f96 
CMakeFiles/cmTC_39f96.dir/CheckSymbolExists.c.o: En la función `main':
CheckSymbolExists.c:(.text+0x1b): referencia a `pthread_create' sin definir
collect2: error: ld returned 1 exit status
CMakeFiles/cmTC_39f96.dir/build.make:97: fallo en las instrucciones para el objetivo 'cmTC_39f96'
make[1]: *** [cmTC_39f96] Error 1
make[1]: se sale del directorio '/home/cuau/Documentos/procesamiento_senales/DistPipelineFWK/cmake-build-debug/CMakeFiles/CMakeTmp'
Makefile:126: fallo en las instrucciones para el objetivo 'cmTC_39f96/fast'
make: *** [cmTC_39f96/fast] Error 2

File /home/cuau/Documentos/procesamiento_senales/DistPipelineFWK/cmake-build-debug/CMakeFiles/CMakeTmp/CheckSymbolExists.c:
/* */
#include <pthread.h>

int main(int argc, char** argv)
{
  (void)argv;
#ifndef pthread_create
  return ((int*)(&pthread_create))[argc];
#else
  (void)argc;
  return 0;
#endif
}

Determining if the function pthread_create exists in the pthreads failed with the following output:
Change Dir: /home/cuau/Documentos/procesamiento_senales/DistPipelineFWK/cmake-build-debug/CMakeFiles/CMakeTmp

Run Build Command:"/usr/bin/make" "cmTC_619cc/fast"
/usr/bin/make -f CMakeFiles/cmTC_619cc.dir/build.make CMakeFiles/cmTC_619cc.dir/build
make[1]: se entra en el directorio '/home/cuau/Documentos/procesamiento_senales/DistPipelineFWK/cmake-build-debug/CMakeFiles/CMakeTmp'
Building C object CMakeFiles/cmTC_619cc.dir/CheckFunctionExists.c.o
/usr/bin/cc   -DCHECK_FUNCTION_EXISTS=pthread_create   -o CMakeFiles/cmTC_619cc.dir/CheckFunctionExists.c.o   -c /home/cuau/clion-2017.3.3/bin/cmake/share/cmake-3.9/Modules/CheckFunctionExists.c
Linking C executable cmTC_619cc
/home/cuau/clion-2017.3.3/bin/cmake/bin/cmake -E cmake_link_script CMakeFiles/cmTC_619cc.dir/link.txt --verbose=1
/usr/bin/cc  -DCHECK_FUNCTION_EXISTS=pthread_create    -rdynamic CMakeFiles/cmTC_619cc.dir/CheckFunctionExists.c.o  -o cmTC_619cc -lpthreads 
/usr/bin/ld: no se puede encontrar -lpthreads
collect2: error: ld returned 1 exit status
CMakeFiles/cmTC_619cc.dir/build.make:97: fallo en las instrucciones para el objetivo 'cmTC_619cc'
make[1]: *** [cmTC_619cc] Error 1
make[1]: se sale del directorio '/home/cuau/Documentos/procesamiento_senales/DistPipelineFWK/cmake-build-debug/CMakeFiles/CMakeTmp'
Makefile:126: fallo en las instrucciones para el objetivo 'cmTC_619cc/fast'
make: *** [cmTC_619cc/fast] Error 2


Determining if the CL_VERSION_2_0 exist failed with the following output:
Change Dir: /home/cuau/Documentos/procesamiento_senales/DistPipelineFWK/cmake-build-debug/CMakeFiles/CMakeTmp

Run Build Command:"/usr/bin/make" "cmTC_d066e/fast"
/usr/bin/make -f CMakeFiles/cmTC_d066e.dir/build.make CMakeFiles/cmTC_d066e.dir/build
make[1]: se entra en el directorio '/home/cuau/Documentos/procesamiento_senales/DistPipelineFWK/cmake-build-debug/CMakeFiles/CMakeTmp'
Building C object CMakeFiles/cmTC_d066e.dir/CheckSymbolExists.c.o
/usr/bin/cc    -o CMakeFiles/cmTC_d066e.dir/CheckSymbolExists.c.o   -c /home/cuau/Documentos/procesamiento_senales/DistPipelineFWK/cmake-build-debug/CMakeFiles/CMakeTmp/CheckSymbolExists.c
/home/cuau/Documentos/procesamiento_senales/DistPipelineFWK/cmake-build-debug/CMakeFiles/CMakeTmp/CheckSymbolExists.c:2:47: fatal error: OpenCL_INCLUDE_DIR-NOTFOUND/CL/cl.h: No existe el archivo o el directorio
compilation terminated.
CMakeFiles/cmTC_d066e.dir/build.make:65: fallo en las instrucciones para el objetivo 'CMakeFiles/cmTC_d066e.dir/CheckSymbolExists.c.o'
make[1]: *** [CMakeFiles/cmTC_d066e.dir/CheckSymbolExists.c.o] Error 1
make[1]: se sale del directorio '/home/cuau/Documentos/procesamiento_senales/DistPipelineFWK/cmake-build-debug/CMakeFiles/CMakeTmp'
Makefile:126: fallo en las instrucciones para el objetivo 'cmTC_d066e/fast'
make: *** [cmTC_d066e/fast] Error 2

File /home/cuau/Documentos/procesamiento_senales/DistPipelineFWK/cmake-build-debug/CMakeFiles/CMakeTmp/CheckSymbolExists.c:
/* */
#include <OpenCL_INCLUDE_DIR-NOTFOUND/CL/cl.h>

int main(int argc, char** argv)
{
  (void)argv;
#ifndef CL_VERSION_2_0
  return ((int*)(&CL_VERSION_2_0))[argc];
#else
  (void)argc;
  return 0;
#endif
}

Determining if the CL_VERSION_1_2 exist failed with the following output:
Change Dir: /home/cuau/Documentos/procesamiento_senales/DistPipelineFWK/cmake-build-debug/CMakeFiles/CMakeTmp

Run Build Command:"/usr/bin/make" "cmTC_4aae9/fast"
/usr/bin/make -f CMakeFiles/cmTC_4aae9.dir/build.make CMakeFiles/cmTC_4aae9.dir/build
make[1]: se entra en el directorio '/home/cuau/Documentos/procesamiento_senales/DistPipelineFWK/cmake-build-debug/CMakeFiles/CMakeTmp'
Building C object CMakeFiles/cmTC_4aae9.dir/CheckSymbolExists.c.o
/usr/bin/cc    -o CMakeFiles/cmTC_4aae9.dir/CheckSymbolExists.c.o   -c /home/cuau/Documentos/procesamiento_senales/DistPipelineFWK/cmake-build-debug/CMakeFiles/CMakeTmp/CheckSymbolExists.c
/home/cuau/Documentos/procesamiento_senales/DistPipelineFWK/cmake-build-debug/CMakeFiles/CMakeTmp/CheckSymbolExists.c:2:47: fatal error: OpenCL_INCLUDE_DIR-NOTFOUND/CL/cl.h: No existe el archivo o el directorio
compilation terminated.
CMakeFiles/cmTC_4aae9.dir/build.make:65: fallo en las instrucciones para el objetivo 'CMakeFiles/cmTC_4aae9.dir/CheckSymbolExists.c.o'
make[1]: *** [CMakeFiles/cmTC_4aae9.dir/CheckSymbolExists.c.o] Error 1
make[1]: se sale del directorio '/home/cuau/Documentos/procesamiento_senales/DistPipelineFWK/cmake-build-debug/CMakeFiles/CMakeTmp'
Makefile:126: fallo en las instrucciones para el objetivo 'cmTC_4aae9/fast'
make: *** [cmTC_4aae9/fast] Error 2

File /home/cuau/Documentos/procesamiento_senales/DistPipelineFWK/cmake-build-debug/CMakeFiles/CMakeTmp/CheckSymbolExists.c:
/* */
#include <OpenCL_INCLUDE_DIR-NOTFOUND/CL/cl.h>

int main(int argc, char** argv)
{
  (void)argv;
#ifndef CL_VERSION_1_2
  return ((int*)(&CL_VERSION_1_2))[argc];
#else
  (void)argc;
  return 0;
#endif
}

Determining if the CL_VERSION_1_1 exist failed with the following output:
Change Dir: /home/cuau/Documentos/procesamiento_senales/DistPipelineFWK/cmake-build-debug/CMakeFiles/CMakeTmp

Run Build Command:"/usr/bin/make" "cmTC_c936a/fast"
/usr/bin/make -f CMakeFiles/cmTC_c936a.dir/build.make CMakeFiles/cmTC_c936a.dir/build
make[1]: se entra en el directorio '/home/cuau/Documentos/procesamiento_senales/DistPipelineFWK/cmake-build-debug/CMakeFiles/CMakeTmp'
Building C object CMakeFiles/cmTC_c936a.dir/CheckSymbolExists.c.o
/usr/bin/cc    -o CMakeFiles/cmTC_c936a.dir/CheckSymbolExists.c.o   -c /home/cuau/Documentos/procesamiento_senales/DistPipelineFWK/cmake-build-debug/CMakeFiles/CMakeTmp/CheckSymbolExists.c
/home/cuau/Documentos/procesamiento_senales/DistPipelineFWK/cmake-build-debug/CMakeFiles/CMakeTmp/CheckSymbolExists.c:2:47: fatal error: OpenCL_INCLUDE_DIR-NOTFOUND/CL/cl.h: No existe el archivo o el directorio
compilation terminated.
CMakeFiles/cmTC_c936a.dir/build.make:65: fallo en las instrucciones para el objetivo 'CMakeFiles/cmTC_c936a.dir/CheckSymbolExists.c.o'
make[1]: *** [CMakeFiles/cmTC_c936a.dir/CheckSymbolExists.c.o] Error 1
make[1]: se sale del directorio '/home/cuau/Documentos/procesamiento_senales/DistPipelineFWK/cmake-build-debug/CMakeFiles/CMakeTmp'
Makefile:126: fallo en las instrucciones para el objetivo 'cmTC_c936a/fast'
make: *** [cmTC_c936a/fast] Error 2

File /home/cuau/Documentos/procesamiento_senales/DistPipelineFWK/cmake-build-debug/CMakeFiles/CMakeTmp/CheckSymbolExists.c:
/* */
#include <OpenCL_INCLUDE_DIR-NOTFOUND/CL/cl.h>

int main(int argc, char** argv)
{
  (void)argv;
#ifndef CL_VERSION_1_1
  return ((int*)(&CL_VERSION_1_1))[argc];
#else
  (void)argc;
  return 0;
#endif
}

Determining if the CL_VERSION_1_0 exist failed with the following output:
Change Dir: /home/cuau/Documentos/procesamiento_senales/DistPipelineFWK/cmake-build-debug/CMakeFiles/CMakeTmp

Run Build Command:"/usr/bin/make" "cmTC_d99cb/fast"
/usr/bin/make -f CMakeFiles/cmTC_d99cb.dir/build.make CMakeFiles/cmTC_d99cb.dir/build
make[1]: se entra en el directorio '/home/cuau/Documentos/procesamiento_senales/DistPipelineFWK/cmake-build-debug/CMakeFiles/CMakeTmp'
Building C object CMakeFiles/cmTC_d99cb.dir/CheckSymbolExists.c.o
/usr/bin/cc    -o CMakeFiles/cmTC_d99cb.dir/CheckSymbolExists.c.o   -c /home/cuau/Documentos/procesamiento_senales/DistPipelineFWK/cmake-build-debug/CMakeFiles/CMakeTmp/CheckSymbolExists.c
/home/cuau/Documentos/procesamiento_senales/DistPipelineFWK/cmake-build-debug/CMakeFiles/CMakeTmp/CheckSymbolExists.c:2:47: fatal error: OpenCL_INCLUDE_DIR-NOTFOUND/CL/cl.h: No existe el archivo o el directorio
compilation terminated.
CMakeFiles/cmTC_d99cb.dir/build.make:65: fallo en las instrucciones para el objetivo 'CMakeFiles/cmTC_d99cb.dir/CheckSymbolExists.c.o'
make[1]: *** [CMakeFiles/cmTC_d99cb.dir/CheckSymbolExists.c.o] Error 1
make[1]: se sale del directorio '/home/cuau/Documentos/procesamiento_senales/DistPipelineFWK/cmake-build-debug/CMakeFiles/CMakeTmp'
Makefile:126: fallo en las instrucciones para el objetivo 'cmTC_d99cb/fast'
make: *** [cmTC_d99cb/fast] Error 2

File /home/cuau/Documentos/procesamiento_senales/DistPipelineFWK/cmake-build-debug/CMakeFiles/CMakeTmp/CheckSymbolExists.c:
/* */
#include <OpenCL_INCLUDE_DIR-NOTFOUND/CL/cl.h>

int main(int argc, char** argv)
{
  (void)argv;
#ifndef CL_VERSION_1_0
  return ((int*)(&CL_VERSION_1_0))[argc];
#else
  (void)argc;
  return 0;
#endif
}

